<?xml version="1.0" encoding="UTF-8"?>
<!-- Generated by org.testng.reporters.JUnitXMLReporter -->
<testsuite hostname="admin-PC" ignored="0" name="Default test" tests="5" failures="0" timestamp="2022-05-02T09:08:58 IST" time="15.795" errors="0">
  <testcase name="launchSite" time="6.645" classname="com.adactin.runner.Adactin_Project"/>
  <testcase name="hotelSearch" time="1.353" classname="com.adactin.runner.Adactin_Project"/>
  <testcase name="confirmHotel" time="0.714" classname="com.adactin.runner.Adactin_Project"/>
  <testcase name="confirmPayment" time="0.701" classname="com.adactin.runner.Adactin_Project"/>
  <testcase name="logOff" time="6.326" classname="com.adactin.runner.Adactin_Project"/>
</testsuite> <!-- Default test -->
